<?xml version="1.0" encoding="UTF-8"?>
<!-- Generated by org.testng.reporters.JUnitReportReporter -->
<testsuite hostname="BHANU-LAPTOP" failures="0" tests="1" name="script.Test1" time="7.896" errors="0" timestamp="04 Mar 2022 02:53:05 GMT" skipped="0">
  <testcase classname="script.Test1" name="testA" time="7.896"/>
</testsuite> <!-- script.Test1 -->
